<?xml version="1.0" encoding="UTF-8"?>
<testng-results ignored="0" total="1" passed="1" failed="0" skipped="0">
  <reporter-output>
  </reporter-output>
  <suite started-at="2024-02-09T18:31:16 IST" name="Default suite" finished-at="2024-02-09T18:37:01 IST" duration-ms="345296">
    <groups>
    </groups>
    <test started-at="2024-02-09T18:31:16 IST" name="Default test" finished-at="2024-02-09T18:37:01 IST" duration-ms="345296">
      <class name="testNgProject.map2">
        <test-method signature="Map()[pri:0, instance:testNgProject.map2@649bec2e]" started-at="2024-02-09T18:31:16 IST" name="Map" finished-at="2024-02-09T18:37:01 IST" duration-ms="345150" status="PASS">
          <reporter-output>
          </reporter-output>
        </test-method> <!-- Map -->
      </class> <!-- testNgProject.map2 -->
    </test> <!-- Default test -->
  </suite> <!-- Default suite -->
</testng-results>
