<?xml version="1.0" encoding="UTF-8"?>
<!-- Generated by org.testng.reporters.JUnitXMLReporter -->
<testsuite ignored="0" hostname="TYSS-Apoorva" failures="0" tests="8" name="Test1" time="53.564" errors="0" timestamp="2024-01-31T16:17:04 IST">
  <testcase classname="testScript.To_lunch_Poco" name="poco" time="14.333"/>
  <testcase classname="testScript.To_lunch_Apple" name="apple" time="14.522"/>
  <testcase classname="testScript.To_lunch_Samsung" name="samsung" time="14.676"/>
  <testcase classname="testScript.To_lunch_Mi" name="mi" time="40.7"/>
  <testcase classname="testScript.To_lunch_Ajio" name="ajioApp" time="26.249"/>
  <testcase classname="testScript.To_lunch_Myntra" name="myntra" time="40.869"/>
  <testcase classname="testScript.To_lunch_Sugar" name="sugar" time="26.559"/>
  <testcase classname="testScript.To_lunch_Meesho" name="meesho" time="38.839"/>
</testsuite> <!-- Test1 -->
