<?xml version="1.0" encoding="UTF-8"?>
<!-- Generated by org.testng.reporters.JUnitXMLReporter -->
<testsuite ignored="0" hostname="TYSS-Apoorva" failures="0" tests="7" name="Test2" time="47.288" errors="0" timestamp="2024-01-31T16:17:52 IST">
  <testcase classname="testScript.To_lunch_DemoWebshop" name="demoWebshop" time="13.284"/>
  <testcase classname="testScript.To_Iunch_Lorealparis" name="lorealparis" time="16.334"/>
  <testcase classname="testScript.To_lunch_Flipcart" name="flipcart" time="22.225"/>
  <testcase classname="testScript.To_lunch_Purplle" name="purplle" time="33.014"/>
  <testcase classname="testScript.To_lunch_Lakme" name="lakmeindia" time="42.111"/>
  <testcase classname="testScript.To_lunch_Maybelline" name="maybelline" time="33.994"/>
  <testcase classname="testScript.To_lunch_Motorola" name="motorola" time="30.945"/>
</testsuite> <!-- Test2 -->
